TagHere_User_Application/app/libs/library/build/outputs/logs/manifest-merger-release-report.txt
-- Merging decision tree log ---
manifest
ADDED from src/main/AndroidManifest.xml:2:1-7:12
	xmlns:android
		ADDED from src/main/AndroidManifest.xml:2:11-69
	package
		ADDED from src/main/AndroidManifest.xml:3:5-37
		INJECTED from src/main/AndroidManifest.xml
		INJECTED from src/main/AndroidManifest.xml
	android:versionName
		INJECTED from src/main/AndroidManifest.xml
		INJECTED from src/main/AndroidManifest.xml
	android:versionCode
		INJECTED from src/main/AndroidManifest.xml
		INJECTED from src/main/AndroidManifest.xml
uses-permission#android.permission.INTERNET
ADDED from src/main/AndroidManifest.xml:5:5-67
	android:name
		ADDED from src/main/AndroidManifest.xml:5:22-64
uses-sdk
INJECTED from src/main/AndroidManifest.xml reason: use-sdk injection requested
MERGED from [com.android.support:appcompat-v7:23.0.1] AndroidManifest.xml:20:5-43
MERGED from [com.android.support:support-v4:23.0.1] AndroidManifest.xml:20:5-43
MERGED from [TagHere:zBarScannerLibrary:unspecified] AndroidManifest.xml:7:5-9:40
MERGED from [com.mcxiaoke.volley:library:1.0.6] AndroidManifest.xml:7:5-9:41
	android:targetSdkVersion
		INJECTED from src/main/AndroidManifest.xml
		INJECTED from src/main/AndroidManifest.xml
	android:minSdkVersion
		INJECTED from src/main/AndroidManifest.xml
		INJECTED from src/main/AndroidManifest.xml
application
ADDED from [com.android.support:appcompat-v7:23.0.1] AndroidManifest.xml:22:5-20
MERGED from [com.android.support:support-v4:23.0.1] AndroidManifest.xml:22:5-20
MERGED from [TagHere:zBarScannerLibrary:unspecified] AndroidManifest.xml:15:5-22:19
MERGED from [com.mcxiaoke.volley:library:1.0.6] AndroidManifest.xml:11:5-20
	android:label
		ADDED from [TagHere:zBarScannerLibrary:unspecified] AndroidManifest.xml:17:9-41
	android:icon
		ADDED from [TagHere:zBarScannerLibrary:unspecified] AndroidManifest.xml:16:9-45
uses-permission#android.permission.CAMERA
ADDED from [TagHere:zBarScannerLibrary:unspecified] AndroidManifest.xml:11:5-65
	android:name
		ADDED from [TagHere:zBarScannerLibrary:unspecified] AndroidManifest.xml:11:22-62
uses-feature#android.hardware.camera
ADDED from [TagHere:zBarScannerLibrary:unspecified] AndroidManifest.xml:13:5-60
	android:name
		ADDED from [TagHere:zBarScannerLibrary:unspecified] AndroidManifest.xml:13:19-57
activity#com.dm.zbar.android.scanner.ZBarScannerActivity
ADDED from [TagHere:zBarScannerLibrary:unspecified] AndroidManifest.xml:18:9-21:53
	android:screenOrientation
		ADDED from [TagHere:zBarScannerLibrary:unspecified] AndroidManifest.xml:21:13-50
	android:label
		ADDED from [TagHere:zBarScannerLibrary:unspecified] AndroidManifest.xml:20:13-45
	android:name
		ADDED from [TagHere:zBarScannerLibrary:unspecified] AndroidManifest.xml:19:13-75